Using pre-set license
Built from '2022.3/staging' branch; Version is '2022.3.7f1 (b16b3b16c7a0) revision 11627323'; Using compiler version '192829333'; Build Type 'Release'
OS: 'Windows 10  (10.0.19045) 64bit Core' Language: 'en' Physical Memory: 16175 MB
BatchMode: 1, IsHumanControllingUs: 0, StartBugReporterOnCrash: 0, Is64bit: 1, IsPro: 1

COMMAND LINE ARGUMENTS:
C:\Program Files\Unity\Hub\Editor\2022.3.7f1\Editor\Unity.exe
-adb2
-batchMode
-noUpm
-name
AssetImportWorker1
-projectPath
C:/Users/claud/Unity/TypeTypeRevolution/Typedance
-logFile
Logs/AssetImportWorker1.log
-srvPort
59137
Successfully changed project path to: C:/Users/claud/Unity/TypeTypeRevolution/Typedance
C:/Users/claud/Unity/TypeTypeRevolution/Typedance
[UnityMemory] Configuration Parameters - Can be set up in boot.config
    "memorysetup-bucket-allocator-granularity=16"
    "memorysetup-bucket-allocator-bucket-count=8"
    "memorysetup-bucket-allocator-block-size=33554432"
    "memorysetup-bucket-allocator-block-count=8"
    "memorysetup-main-allocator-block-size=16777216"
    "memorysetup-thread-allocator-block-size=16777216"
    "memorysetup-gfx-main-allocator-block-size=16777216"
    "memorysetup-gfx-thread-allocator-block-size=16777216"
    "memorysetup-cache-allocator-block-size=4194304"
    "memorysetup-typetree-allocator-block-size=2097152"
    "memorysetup-profiler-bucket-allocator-granularity=16"
    "memorysetup-profiler-bucket-allocator-bucket-count=8"
    "memorysetup-profiler-bucket-allocator-block-size=33554432"
    "memorysetup-profiler-bucket-allocator-block-count=8"
    "memorysetup-profiler-allocator-block-size=16777216"
    "memorysetup-profiler-editor-allocator-block-size=1048576"
    "memorysetup-temp-allocator-size-main=16777216"
    "memorysetup-job-temp-allocator-block-size=2097152"
    "memorysetup-job-temp-allocator-block-size-background=1048576"
    "memorysetup-job-temp-allocator-reduction-small-platforms=262144"
    "memorysetup-allocator-temp-initial-block-size-main=262144"
    "memorysetup-allocator-temp-initial-block-size-worker=262144"
    "memorysetup-temp-allocator-size-background-worker=32768"
    "memorysetup-temp-allocator-size-job-worker=262144"
    "memorysetup-temp-allocator-size-preload-manager=33554432"
    "memorysetup-temp-allocator-size-nav-mesh-worker=65536"
    "memorysetup-temp-allocator-size-audio-worker=65536"
    "memorysetup-temp-allocator-size-cloud-worker=32768"
    "memorysetup-temp-allocator-size-gi-baking-worker=262144"
    "memorysetup-temp-allocator-size-gfx=262144"
Player connection [18380] Host "[IP] 10.208.183.155 [Port] 0 [Flags] 2 [Guid] 2482049809 [EditorId] 2482049809 [Version] 1048832 [Id] WindowsEditor(7,DESKTOP-0Q0L46V) [Debug] 1 [PackageName] WindowsEditor [ProjectName] Editor" joined multi-casting on [225.0.0.222:54997]...

Player connection [18380] Host "[IP] 10.208.183.155 [Port] 0 [Flags] 2 [Guid] 2482049809 [EditorId] 2482049809 [Version] 1048832 [Id] WindowsEditor(7,DESKTOP-0Q0L46V) [Debug] 1 [PackageName] WindowsEditor [ProjectName] Editor" joined alternative multi-casting on [225.0.0.222:34997]...

Refreshing native plugins compatible for Editor in 11.44 ms, found 3 plugins.
Preloading 0 native plugins for Editor in 0.00 ms.
Initialize engine version: 2022.3.7f1 (b16b3b16c7a0)
[Subsystems] Discovering subsystems at path C:/Program Files/Unity/Hub/Editor/2022.3.7f1/Editor/Data/Resources/UnitySubsystems
[Subsystems] Discovering subsystems at path C:/Users/claud/Unity/TypeTypeRevolution/Typedance/Assets
GfxDevice: creating device client; threaded=0; jobified=0
Direct3D:
    Version:  Direct3D 11.0 [level 11.1]
    Renderer: NVIDIA GeForce GTX 1060 (ID=0x1c20)
    Vendor:   NVIDIA
    VRAM:     6043 MB
    Driver:   31.0.15.3168
Initialize mono
Mono path[0] = 'C:/Program Files/Unity/Hub/Editor/2022.3.7f1/Editor/Data/Managed'
Mono path[1] = 'C:/Program Files/Unity/Hub/Editor/2022.3.7f1/Editor/Data/MonoBleedingEdge/lib/mono/unityjit-win32'
Mono config path = 'C:/Program Files/Unity/Hub/Editor/2022.3.7f1/Editor/Data/MonoBleedingEdge/etc'
Using monoOptions --debugger-agent=transport=dt_socket,embedding=1,server=y,suspend=n,address=127.0.0.1:56012
Begin MonoManager ReloadAssembly
Registering precompiled unity dll's ...
Register platform support module: C:/Program Files/Unity/Hub/Editor/2022.3.7f1/Editor/Data/PlaybackEngines/WindowsStandaloneSupport/UnityEditor.WindowsStandalone.Extensions.dll
Registered in 0.020589 seconds.
- Loaded All Assemblies, in  1.880 seconds
Native extension for WindowsStandalone target not found
Mono: successfully reloaded assembly
- Finished resetting the current domain, in  0.482 seconds
Domain Reload Profiling: 2356ms
	BeginReloadAssembly (166ms)
		ExecutionOrderSort (0ms)
		DisableScriptedObjects (0ms)
		BackupInstance (0ms)
		ReleaseScriptingObjects (0ms)
		CreateAndSetChildDomain (1ms)
	RebuildCommonClasses (241ms)
	RebuildNativeTypeToScriptingClass (17ms)
	initialDomainReloadingComplete (111ms)
	LoadAllAssembliesAndSetupDomain (1339ms)
		LoadAssemblies (164ms)
		RebuildTransferFunctionScriptingTraits (0ms)
		AnalyzeDomain (1336ms)
			TypeCache.Refresh (1333ms)
				TypeCache.ScanAssembly (920ms)
			ScanForSourceGeneratedMonoScriptInfo (1ms)
			ResolveRequiredComponents (1ms)
	FinalizeReload (482ms)
		ReleaseScriptCaches (0ms)
		RebuildScriptCaches (0ms)
		SetupLoadedEditorAssemblies (367ms)
			LogAssemblyErrors (0ms)
			InitializePlatformSupportModulesInManaged (20ms)
			SetLoadedEditorAssemblies (13ms)
			RefreshPlugins (0ms)
			BeforeProcessingInitializeOnLoad (3ms)
			ProcessInitializeOnLoadAttributes (234ms)
			ProcessInitializeOnLoadMethodAttributes (97ms)
			AfterProcessingInitializeOnLoad (0ms)
			EditorAssembliesLoaded (0ms)
		ExecutionOrderSort2 (0ms)
		AwakeInstancesAfterBackupRestoration (0ms)
========================================================================
Worker process is ready to serve import requests
Begin MonoManager ReloadAssembly
Symbol file LoadedFromMemory doesn't match image C:\Users\claud\Unity\TypeTypeRevolution\Typedance\Library\PackageCache\com.unity.visualscripting@1.8.0\Editor\VisualScripting.Core\Dependencies\YamlDotNet\Unity.VisualScripting.YamlDotNet.dll
Symbol file LoadedFromMemory doesn't match image C:\Users\claud\Unity\TypeTypeRevolution\Typedance\Library\PackageCache\com.unity.visualscripting@1.8.0\Editor\VisualScripting.Core\Dependencies\DotNetZip\Unity.VisualScripting.IonicZip.dll
- Loaded All Assemblies, in  3.287 seconds
Refreshing native plugins compatible for Editor in 4.65 ms, found 3 plugins.
Native extension for WindowsStandalone target not found
Mono: successfully reloaded assembly
- Finished resetting the current domain, in  1.227 seconds
Domain Reload Profiling: 4507ms
	BeginReloadAssembly (293ms)
		ExecutionOrderSort (0ms)
		DisableScriptedObjects (11ms)
		BackupInstance (0ms)
		ReleaseScriptingObjects (0ms)
		CreateAndSetChildDomain (39ms)
	RebuildCommonClasses (71ms)
	RebuildNativeTypeToScriptingClass (23ms)
	initialDomainReloadingComplete (87ms)
	LoadAllAssembliesAndSetupDomain (2806ms)
		LoadAssemblies (2637ms)
		RebuildTransferFunctionScriptingTraits (0ms)
		AnalyzeDomain (343ms)
			TypeCache.Refresh (311ms)
				TypeCache.ScanAssembly (239ms)
			ScanForSourceGeneratedMonoScriptInfo (21ms)
			ResolveRequiredComponents (9ms)
	FinalizeReload (1227ms)
		ReleaseScriptCaches (0ms)
		RebuildScriptCaches (0ms)
		SetupLoadedEditorAssemblies (937ms)
			LogAssemblyErrors (0ms)
			InitializePlatformSupportModulesInManaged (13ms)
			SetLoadedEditorAssemblies (8ms)
			RefreshPlugins (0ms)
			BeforeProcessingInitializeOnLoad (102ms)
			ProcessInitializeOnLoadAttributes (763ms)
			ProcessInitializeOnLoadMethodAttributes (34ms)
			AfterProcessingInitializeOnLoad (16ms)
			EditorAssembliesLoaded (0ms)
		ExecutionOrderSort2 (0ms)
		AwakeInstancesAfterBackupRestoration (13ms)
Launched and connected shader compiler UnityShaderCompiler.exe after 0.09 seconds
Refreshing native plugins compatible for Editor in 9.11 ms, found 3 plugins.
Preloading 0 native plugins for Editor in 0.00 ms.
Unloading 3147 Unused Serialized files (Serialized files now loaded: 0)
Unloading 31 unused Assets / (56.8 KB). Loaded Objects now: 3627.
Memory consumption went from 124.3 MB to 124.2 MB.
Total: 10.702400 ms (FindLiveObjects: 0.585600 ms CreateObjectMapping: 0.609800 ms MarkObjects: 9.337900 ms  DeleteObjects: 0.167400 ms)

AssetImportParameters requested are different than current active one (requested -> active):
  custom:container-demuxer-ogg: 62fdf1f143b41e24485cea50d1cbac27 -> 
  custom:video-codec-MediaFoundation-h265: 746d11721c4dcdbdad8f713fa42b33f4 -> 
  custom:video-decoder-ogg-theora: a1e56fd34408186e4bbccfd4996cb3dc -> 
  custom:framework-win-MediaFoundation: 216162199b28c13a410421893ffa2e32 -> 
  custom:CustomObjectIndexerAttribute: 756ad292c208cfabdd7b50bc23989ffe -> 
  custom:container-demuxer-webm: 4f35f7cbe854078d1ac9338744f61a02 -> 
  custom:container-muxer-webm: aa71ff27fc2769a1b78a27578f13a17b -> 
  custom:video-decoder-webm-vp8: 9c59270c3fd7afecdb556c50c9e8de78 -> 
  custom:SearchIndexIgnoredProperties: e643bd26f0fe6173181afceb89e7c659 -> 
  custom:AudioImporter_EditorPlatform: d09bf68614088b80899f8185d706f6e7 -> 
  custom:video-encoder-webm-vp8: eb34c28f22e8b96e1ab97ce403110664 -> 
  custom:audio-decoder-ogg-vorbis: bf7c407c2cedff20999df2af8eb42d56 -> 
  custom:audio-encoder-webm-vorbis: bf7c407c2cedff20999df2af8eb42d56 -> 
========================================================================
Received Import Request.
  Time since last request: 1037445.127026 seconds.
  path: Assets/Images/1.png
  artifactKey: Guid(b15591b70efc16d4496af3fe8e6f2ef9) Importer(815301076,1909f56bfc062723c751e8b465ee728b)
Start importing Assets/Images/1.png using Guid(b15591b70efc16d4496af3fe8e6f2ef9) Importer(815301076,1909f56bfc062723c751e8b465ee728b)  -> (artifact id: '38c4c5c8cb7e05a989efb9e9d0b8e313') in 0.193768 seconds
Number of updated asset objects reloaded before import = 0
Number of asset objects unloaded after import = 3
========================================================================
Received Import Request.
  Time since last request: 0.000049 seconds.
  path: Assets/Images/Logo2.png
  artifactKey: Guid(89f3efadea6881c4ea32686462730f6e) Importer(815301076,1909f56bfc062723c751e8b465ee728b)
Start importing Assets/Images/Logo2.png using Guid(89f3efadea6881c4ea32686462730f6e) Importer(815301076,1909f56bfc062723c751e8b465ee728b)  -> (artifact id: '47b641d210f2844c254ea4341cbebc4d') in 0.045407 seconds
Number of updated asset objects reloaded before import = 0
Number of asset objects unloaded after import = 3
========================================================================
Received Import Request.
  Time since last request: 0.000034 seconds.
  path: Assets/Images/Ocean.png
  artifactKey: Guid(c72d89b0b8a50674694cbf20aa24a457) Importer(815301076,1909f56bfc062723c751e8b465ee728b)
Start importing Assets/Images/Ocean.png using Guid(c72d89b0b8a50674694cbf20aa24a457) Importer(815301076,1909f56bfc062723c751e8b465ee728b)  -> (artifact id: '627e2d51343d6c3f75c69cdbd5bab830') in 0.048713 seconds
Number of updated asset objects reloaded before import = 0
Number of asset objects unloaded after import = 3
========================================================================
Received Import Request.
  Time since last request: 0.000044 seconds.
  path: Assets/Images/downArrow.png
  artifactKey: Guid(0922ce6cc83b5174886153f67e8963dd) Importer(815301076,1909f56bfc062723c751e8b465ee728b)
Start importing Assets/Images/downArrow.png using Guid(0922ce6cc83b5174886153f67e8963dd) Importer(815301076,1909f56bfc062723c751e8b465ee728b)  -> (artifact id: 'db604ccf2491568ee0e9f3022faabdd0') in 0.050478 seconds
Number of updated asset objects reloaded before import = 0
Number of asset objects unloaded after import = 3
========================================================================
Received Import Request.
  Time since last request: 0.000031 seconds.
  path: Assets/Images/4.png
  artifactKey: Guid(1654f4c9b769caa42ab733c4b1918a26) Importer(815301076,1909f56bfc062723c751e8b465ee728b)
Start importing Assets/Images/4.png using Guid(1654f4c9b769caa42ab733c4b1918a26) Importer(815301076,1909f56bfc062723c751e8b465ee728b)  -> (artifact id: 'c88246d89927aa67855e58db30b71891') in 0.055285 seconds
Number of updated asset objects reloaded before import = 0
Number of asset objects unloaded after import = 3
========================================================================
Received Import Request.
  Time since last request: 0.000028 seconds.
  path: Assets/Images/WinterSelected.png
  artifactKey: Guid(cc797edcddecf314b94960e7c48983da) Importer(815301076,1909f56bfc062723c751e8b465ee728b)
Start importing Assets/Images/WinterSelected.png using Guid(cc797edcddecf314b94960e7c48983da) Importer(815301076,1909f56bfc062723c751e8b465ee728b)  -> (artifact id: '9bbc2bc2f8b4b2b24cd504db712fe4e9') in 0.045832 seconds
Number of updated asset objects reloaded before import = 0
Number of asset objects unloaded after import = 3
========================================================================
Received Import Request.
  Time since last request: 0.000025 seconds.
  path: Assets/Images/Realism_equirectangular-jpg_A_farm_backgound_with_862475388_9253998.jpg
  artifactKey: Guid(122d88a355eddee428eb6327601a1471) Importer(815301076,1909f56bfc062723c751e8b465ee728b)
Start importing Assets/Images/Realism_equirectangular-jpg_A_farm_backgound_with_862475388_9253998.jpg using Guid(122d88a355eddee428eb6327601a1471) Importer(815301076,1909f56bfc062723c751e8b465ee728b)  -> (artifact id: 'e73ef61595b8b43d236088cd175935e0') in 0.052259 seconds
Number of updated asset objects reloaded before import = 0
Number of asset objects unloaded after import = 2
========================================================================
Received Import Request.
  Time since last request: 0.000033 seconds.
  path: Assets/Images/DemonicMode.png
  artifactKey: Guid(72c3bf8ec97e1d9468a062902f6f253e) Importer(815301076,1909f56bfc062723c751e8b465ee728b)
Start importing Assets/Images/DemonicMode.png using Guid(72c3bf8ec97e1d9468a062902f6f253e) Importer(815301076,1909f56bfc062723c751e8b465ee728b)  -> (artifact id: 'ffd90a8536206aa2624801801a19c035') in 0.047148 seconds
Number of updated asset objects reloaded before import = 0
Number of asset objects unloaded after import = 3
========================================================================
Received Import Request.
  Time since last request: 0.000021 seconds.
  path: Assets/Images/5518039.png
  artifactKey: Guid(9931daddbcd428d47a2e37d61b10fb55) Importer(815301076,1909f56bfc062723c751e8b465ee728b)
Start importing Assets/Images/5518039.png using Guid(9931daddbcd428d47a2e37d61b10fb55) Importer(815301076,1909f56bfc062723c751e8b465ee728b)  -> (artifact id: 'd01d63e66c1ba0bd9ef69ce542040bab') in 0.045467 seconds
Number of updated asset objects reloaded before import = 0
Number of asset objects unloaded after import = 3
========================================================================
Received Import Request.
  Time since last request: 0.000032 seconds.
  path: Assets/Images/3.png
  artifactKey: Guid(37206c50b4e50fc4db739c32e16eb5ca) Importer(815301076,1909f56bfc062723c751e8b465ee728b)
Start importing Assets/Images/3.png using Guid(37206c50b4e50fc4db739c32e16eb5ca) Importer(815301076,1909f56bfc062723c751e8b465ee728b)  -> (artifact id: 'a5d461bc479fc3de03cdb651cd7f91c0') in 0.044481 seconds
Number of updated asset objects reloaded before import = 0
Number of asset objects unloaded after import = 3
========================================================================
Received Import Request.
  Time since last request: 0.000025 seconds.
  path: Assets/Images/arisa.png
  artifactKey: Guid(395743fa89bb7ec47a4f19d3bf0fa50c) Importer(815301076,1909f56bfc062723c751e8b465ee728b)
Start importing Assets/Images/arisa.png using Guid(395743fa89bb7ec47a4f19d3bf0fa50c) Importer(815301076,1909f56bfc062723c751e8b465ee728b)  -> (artifact id: '1170de9d0cf0c4b175601a618f00ccac') in 0.059549 seconds
Number of updated asset objects reloaded before import = 0
Number of asset objects unloaded after import = 3
========================================================================
Received Import Request.
  Time since last request: 0.000022 seconds.
  path: Assets/Images/51206-200.png
  artifactKey: Guid(d77752b817e9d2b4c8c5c6b41fa285c6) Importer(815301076,1909f56bfc062723c751e8b465ee728b)
Start importing Assets/Images/51206-200.png using Guid(d77752b817e9d2b4c8c5c6b41fa285c6) Importer(815301076,1909f56bfc062723c751e8b465ee728b)  -> (artifact id: '88527a12d3dcb1bcc626effb50fab9b4') in 0.044263 seconds
Number of updated asset objects reloaded before import = 0
Number of asset objects unloaded after import = 3
========================================================================
Received Import Request.
  Time since last request: 0.000024 seconds.
  path: Assets/Images/star.png
  artifactKey: Guid(38ba61eaf0dfb534386332165e26c4b9) Importer(815301076,1909f56bfc062723c751e8b465ee728b)
Start importing Assets/Images/star.png using Guid(38ba61eaf0dfb534386332165e26c4b9) Importer(815301076,1909f56bfc062723c751e8b465ee728b)  -> (artifact id: '04e9af0cd39a2b34cb37c9356ed7fad9') in 0.044637 seconds
Number of updated asset objects reloaded before import = 0
Number of asset objects unloaded after import = 3
========================================================================
Received Import Request.
  Time since last request: 0.000038 seconds.
  path: Assets/Images/leftArrow.png
  artifactKey: Guid(e9f9839cd32a02945ad8db9dc332fc03) Importer(815301076,1909f56bfc062723c751e8b465ee728b)
Start importing Assets/Images/leftArrow.png using Guid(e9f9839cd32a02945ad8db9dc332fc03) Importer(815301076,1909f56bfc062723c751e8b465ee728b)  -> (artifact id: 'a2ede3763d6dcc92c7f31ce13d3a4ced') in 0.044851 seconds
Number of updated asset objects reloaded before import = 0
Number of asset objects unloaded after import = 3
========================================================================
Received Import Request.
  Time since last request: 0.000022 seconds.
  path: Assets/Images/Okay.png
  artifactKey: Guid(5a3138d01620bf648a3b9be29e920056) Importer(815301076,1909f56bfc062723c751e8b465ee728b)
Start importing Assets/Images/Okay.png using Guid(5a3138d01620bf648a3b9be29e920056) Importer(815301076,1909f56bfc062723c751e8b465ee728b)  -> (artifact id: '1ab1b8db4f619447e2c2caaa761ded34') in 0.040555 seconds
Number of updated asset objects reloaded before import = 0
Number of asset objects unloaded after import = 3
========================================================================
Received Import Request.
  Time since last request: 0.000020 seconds.
  path: Assets/Images/blackSelected.png
  artifactKey: Guid(ee6d59e0da3be664b8727d65b4667479) Importer(815301076,1909f56bfc062723c751e8b465ee728b)
Start importing Assets/Images/blackSelected.png using Guid(ee6d59e0da3be664b8727d65b4667479) Importer(815301076,1909f56bfc062723c751e8b465ee728b)  -> (artifact id: '3af32d132fb777e33cf185a63a2394a5') in 0.048183 seconds
Number of updated asset objects reloaded before import = 0
Number of asset objects unloaded after import = 3
========================================================================
Received Import Request.
  Time since last request: 0.000019 seconds.
  path: Assets/Images/second.png
  artifactKey: Guid(a5767e063ddbcf441a89f1f8e9e5f493) Importer(815301076,1909f56bfc062723c751e8b465ee728b)
Start importing Assets/Images/second.png using Guid(a5767e063ddbcf441a89f1f8e9e5f493) Importer(815301076,1909f56bfc062723c751e8b465ee728b)  -> (artifact id: '13c29680f959974616df862f8594fe1c') in 0.049521 seconds
Number of updated asset objects reloaded before import = 0
Number of asset objects unloaded after import = 3
========================================================================
Received Import Request.
  Time since last request: 0.000029 seconds.
  path: Assets/Images/upArrow.png
  artifactKey: Guid(086f33efb6931cf49a18ea8356f1093b) Importer(815301076,1909f56bfc062723c751e8b465ee728b)
Start importing Assets/Images/upArrow.png using Guid(086f33efb6931cf49a18ea8356f1093b) Importer(815301076,1909f56bfc062723c751e8b465ee728b)  -> (artifact id: 'a8fa94f3dc2d015eec3394b35455f29d') in 0.045751 seconds
Number of updated asset objects reloaded before import = 0
Number of asset objects unloaded after import = 3
Editor requested this worker to shutdown with reason: Scaling down because of idle timeout
TcpMessagingSession - receive error
AssetImportWorkerClient::OnTransportError - code=2 error=End of file
AssetImportWorker is now disconnected from the server
Process exiting
Exiting without the bug reporter. Application will terminate with return code 0