Using pre-set license
Built from '2022.3/staging' branch; Version is '2022.3.7f1 (b16b3b16c7a0) revision 11627323'; Using compiler version '192829333'; Build Type 'Release'
OS: 'Windows 10  (10.0.19045) 64bit Core' Language: 'en' Physical Memory: 16175 MB
BatchMode: 1, IsHumanControllingUs: 0, StartBugReporterOnCrash: 0, Is64bit: 1, IsPro: 1

COMMAND LINE ARGUMENTS:
C:\Program Files\Unity\Hub\Editor\2022.3.7f1\Editor\Unity.exe
-adb2
-batchMode
-noUpm
-name
AssetImportWorker0
-projectPath
C:/Users/claud/Unity/TypeTypeRevolution/Typedance
-logFile
Logs/AssetImportWorker0.log
-srvPort
59137
Successfully changed project path to: C:/Users/claud/Unity/TypeTypeRevolution/Typedance
C:/Users/claud/Unity/TypeTypeRevolution/Typedance
[UnityMemory] Configuration Parameters - Can be set up in boot.config
    "memorysetup-bucket-allocator-granularity=16"
    "memorysetup-bucket-allocator-bucket-count=8"
    "memorysetup-bucket-allocator-block-size=33554432"
    "memorysetup-bucket-allocator-block-count=8"
    "memorysetup-main-allocator-block-size=16777216"
    "memorysetup-thread-allocator-block-size=16777216"
    "memorysetup-gfx-main-allocator-block-size=16777216"
    "memorysetup-gfx-thread-allocator-block-size=16777216"
    "memorysetup-cache-allocator-block-size=4194304"
    "memorysetup-typetree-allocator-block-size=2097152"
    "memorysetup-profiler-bucket-allocator-granularity=16"
    "memorysetup-profiler-bucket-allocator-bucket-count=8"
    "memorysetup-profiler-bucket-allocator-block-size=33554432"
    "memorysetup-profiler-bucket-allocator-block-count=8"
    "memorysetup-profiler-allocator-block-size=16777216"
    "memorysetup-profiler-editor-allocator-block-size=1048576"
    "memorysetup-temp-allocator-size-main=16777216"
    "memorysetup-job-temp-allocator-block-size=2097152"
    "memorysetup-job-temp-allocator-block-size-background=1048576"
    "memorysetup-job-temp-allocator-reduction-small-platforms=262144"
    "memorysetup-allocator-temp-initial-block-size-main=262144"
    "memorysetup-allocator-temp-initial-block-size-worker=262144"
    "memorysetup-temp-allocator-size-background-worker=32768"
    "memorysetup-temp-allocator-size-job-worker=262144"
    "memorysetup-temp-allocator-size-preload-manager=33554432"
    "memorysetup-temp-allocator-size-nav-mesh-worker=65536"
    "memorysetup-temp-allocator-size-audio-worker=65536"
    "memorysetup-temp-allocator-size-cloud-worker=32768"
    "memorysetup-temp-allocator-size-gi-baking-worker=262144"
    "memorysetup-temp-allocator-size-gfx=262144"
Player connection [20152] Host "[IP] 10.208.183.155 [Port] 0 [Flags] 2 [Guid] 145939833 [EditorId] 145939833 [Version] 1048832 [Id] WindowsEditor(7,DESKTOP-0Q0L46V) [Debug] 1 [PackageName] WindowsEditor [ProjectName] Editor" joined multi-casting on [225.0.0.222:54997]...

Player connection [20152] Host "[IP] 10.208.183.155 [Port] 0 [Flags] 2 [Guid] 145939833 [EditorId] 145939833 [Version] 1048832 [Id] WindowsEditor(7,DESKTOP-0Q0L46V) [Debug] 1 [PackageName] WindowsEditor [ProjectName] Editor" joined alternative multi-casting on [225.0.0.222:34997]...

Refreshing native plugins compatible for Editor in 11.43 ms, found 3 plugins.
Preloading 0 native plugins for Editor in 0.00 ms.
Initialize engine version: 2022.3.7f1 (b16b3b16c7a0)
[Subsystems] Discovering subsystems at path C:/Program Files/Unity/Hub/Editor/2022.3.7f1/Editor/Data/Resources/UnitySubsystems
[Subsystems] Discovering subsystems at path C:/Users/claud/Unity/TypeTypeRevolution/Typedance/Assets
GfxDevice: creating device client; threaded=0; jobified=0
Direct3D:
    Version:  Direct3D 11.0 [level 11.1]
    Renderer: NVIDIA GeForce GTX 1060 (ID=0x1c20)
    Vendor:   NVIDIA
    VRAM:     6043 MB
    Driver:   31.0.15.3168
Initialize mono
Mono path[0] = 'C:/Program Files/Unity/Hub/Editor/2022.3.7f1/Editor/Data/Managed'
Mono path[1] = 'C:/Program Files/Unity/Hub/Editor/2022.3.7f1/Editor/Data/MonoBleedingEdge/lib/mono/unityjit-win32'
Mono config path = 'C:/Program Files/Unity/Hub/Editor/2022.3.7f1/Editor/Data/MonoBleedingEdge/etc'
Using monoOptions --debugger-agent=transport=dt_socket,embedding=1,server=y,suspend=n,address=127.0.0.1:56924
Begin MonoManager ReloadAssembly
Registering precompiled unity dll's ...
Register platform support module: C:/Program Files/Unity/Hub/Editor/2022.3.7f1/Editor/Data/PlaybackEngines/WindowsStandaloneSupport/UnityEditor.WindowsStandalone.Extensions.dll
Registered in 0.016165 seconds.
- Loaded All Assemblies, in  1.880 seconds
Native extension for WindowsStandalone target not found
Mono: successfully reloaded assembly
- Finished resetting the current domain, in  0.485 seconds
Domain Reload Profiling: 2360ms
	BeginReloadAssembly (168ms)
		ExecutionOrderSort (0ms)
		DisableScriptedObjects (0ms)
		BackupInstance (0ms)
		ReleaseScriptingObjects (0ms)
		CreateAndSetChildDomain (1ms)
	RebuildCommonClasses (237ms)
	RebuildNativeTypeToScriptingClass (18ms)
	initialDomainReloadingComplete (109ms)
	LoadAllAssembliesAndSetupDomain (1343ms)
		LoadAssemblies (165ms)
		RebuildTransferFunctionScriptingTraits (0ms)
		AnalyzeDomain (1339ms)
			TypeCache.Refresh (1336ms)
				TypeCache.ScanAssembly (923ms)
			ScanForSourceGeneratedMonoScriptInfo (1ms)
			ResolveRequiredComponents (1ms)
	FinalizeReload (485ms)
		ReleaseScriptCaches (0ms)
		RebuildScriptCaches (0ms)
		SetupLoadedEditorAssemblies (375ms)
			LogAssemblyErrors (0ms)
			InitializePlatformSupportModulesInManaged (19ms)
			SetLoadedEditorAssemblies (15ms)
			RefreshPlugins (0ms)
			BeforeProcessingInitializeOnLoad (4ms)
			ProcessInitializeOnLoadAttributes (232ms)
			ProcessInitializeOnLoadMethodAttributes (105ms)
			AfterProcessingInitializeOnLoad (0ms)
			EditorAssembliesLoaded (0ms)
		ExecutionOrderSort2 (0ms)
		AwakeInstancesAfterBackupRestoration (0ms)
========================================================================
Worker process is ready to serve import requests
Begin MonoManager ReloadAssembly
Symbol file LoadedFromMemory doesn't match image C:\Users\claud\Unity\TypeTypeRevolution\Typedance\Library\PackageCache\com.unity.visualscripting@1.8.0\Editor\VisualScripting.Core\Dependencies\YamlDotNet\Unity.VisualScripting.YamlDotNet.dll
Symbol file LoadedFromMemory doesn't match image C:\Users\claud\Unity\TypeTypeRevolution\Typedance\Library\PackageCache\com.unity.visualscripting@1.8.0\Editor\VisualScripting.Core\Dependencies\DotNetZip\Unity.VisualScripting.IonicZip.dll
- Loaded All Assemblies, in  3.296 seconds
Refreshing native plugins compatible for Editor in 4.25 ms, found 3 plugins.
Native extension for WindowsStandalone target not found
Mono: successfully reloaded assembly
- Finished resetting the current domain, in  1.214 seconds
Domain Reload Profiling: 4505ms
	BeginReloadAssembly (290ms)
		ExecutionOrderSort (0ms)
		DisableScriptedObjects (12ms)
		BackupInstance (0ms)
		ReleaseScriptingObjects (0ms)
		CreateAndSetChildDomain (38ms)
	RebuildCommonClasses (81ms)
	RebuildNativeTypeToScriptingClass (19ms)
	initialDomainReloadingComplete (82ms)
	LoadAllAssembliesAndSetupDomain (2818ms)
		LoadAssemblies (2640ms)
		RebuildTransferFunctionScriptingTraits (0ms)
		AnalyzeDomain (355ms)
			TypeCache.Refresh (317ms)
				TypeCache.ScanAssembly (242ms)
			ScanForSourceGeneratedMonoScriptInfo (27ms)
			ResolveRequiredComponents (8ms)
	FinalizeReload (1215ms)
		ReleaseScriptCaches (0ms)
		RebuildScriptCaches (0ms)
		SetupLoadedEditorAssemblies (952ms)
			LogAssemblyErrors (0ms)
			InitializePlatformSupportModulesInManaged (13ms)
			SetLoadedEditorAssemblies (7ms)
			RefreshPlugins (0ms)
			BeforeProcessingInitializeOnLoad (118ms)
			ProcessInitializeOnLoadAttributes (765ms)
			ProcessInitializeOnLoadMethodAttributes (33ms)
			AfterProcessingInitializeOnLoad (16ms)
			EditorAssembliesLoaded (0ms)
		ExecutionOrderSort2 (0ms)
		AwakeInstancesAfterBackupRestoration (13ms)
Launched and connected shader compiler UnityShaderCompiler.exe after 0.10 seconds
Refreshing native plugins compatible for Editor in 11.08 ms, found 3 plugins.
Preloading 0 native plugins for Editor in 0.00 ms.
Unloading 3147 Unused Serialized files (Serialized files now loaded: 0)
Unloading 31 unused Assets / (56.8 KB). Loaded Objects now: 3627.
Memory consumption went from 124.4 MB to 124.3 MB.
Total: 10.034900 ms (FindLiveObjects: 0.584300 ms CreateObjectMapping: 0.477200 ms MarkObjects: 8.680500 ms  DeleteObjects: 0.291700 ms)

AssetImportParameters requested are different than current active one (requested -> active):
  custom:container-demuxer-ogg: 62fdf1f143b41e24485cea50d1cbac27 -> 
  custom:video-codec-MediaFoundation-h265: 746d11721c4dcdbdad8f713fa42b33f4 -> 
  custom:video-decoder-ogg-theora: a1e56fd34408186e4bbccfd4996cb3dc -> 
  custom:framework-win-MediaFoundation: 216162199b28c13a410421893ffa2e32 -> 
  custom:CustomObjectIndexerAttribute: 756ad292c208cfabdd7b50bc23989ffe -> 
  custom:container-demuxer-webm: 4f35f7cbe854078d1ac9338744f61a02 -> 
  custom:container-muxer-webm: aa71ff27fc2769a1b78a27578f13a17b -> 
  custom:video-decoder-webm-vp8: 9c59270c3fd7afecdb556c50c9e8de78 -> 
  custom:SearchIndexIgnoredProperties: e643bd26f0fe6173181afceb89e7c659 -> 
  custom:AudioImporter_EditorPlatform: d09bf68614088b80899f8185d706f6e7 -> 
  custom:video-encoder-webm-vp8: eb34c28f22e8b96e1ab97ce403110664 -> 
  custom:audio-decoder-ogg-vorbis: bf7c407c2cedff20999df2af8eb42d56 -> 
  custom:audio-encoder-webm-vorbis: bf7c407c2cedff20999df2af8eb42d56 -> 
========================================================================
Received Import Request.
  Time since last request: 1037445.118126 seconds.
  path: Assets/Images/6583566.png
  artifactKey: Guid(4dde78170fd6bc547a1db35e182b4bb4) Importer(815301076,1909f56bfc062723c751e8b465ee728b)
Start importing Assets/Images/6583566.png using Guid(4dde78170fd6bc547a1db35e182b4bb4) Importer(815301076,1909f56bfc062723c751e8b465ee728b)  -> (artifact id: 'fac0de43dcf8378c1508b65a31d535e0') in 0.203564 seconds
Number of updated asset objects reloaded before import = 0
Number of asset objects unloaded after import = 3
========================================================================
Received Import Request.
  Time since last request: 0.000036 seconds.
  path: Assets/Images/keyboard-162135_640.png
  artifactKey: Guid(f02f934f4c92e304789a5472c49fc288) Importer(815301076,1909f56bfc062723c751e8b465ee728b)
Start importing Assets/Images/keyboard-162135_640.png using Guid(f02f934f4c92e304789a5472c49fc288) Importer(815301076,1909f56bfc062723c751e8b465ee728b)  -> (artifact id: 'd7185dc8ebfd80da47b1099ca01d3cf3') in 0.043310 seconds
Number of updated asset objects reloaded before import = 0
Number of asset objects unloaded after import = 3
========================================================================
Received Import Request.
  Time since last request: 0.000025 seconds.
  path: Assets/Images/Fail.png
  artifactKey: Guid(a110d510c06239046a7489d8f816540e) Importer(815301076,1909f56bfc062723c751e8b465ee728b)
Start importing Assets/Images/Fail.png using Guid(a110d510c06239046a7489d8f816540e) Importer(815301076,1909f56bfc062723c751e8b465ee728b)  -> (artifact id: '9f3cc75a9dca62ead64ddbe644a5b5ef') in 0.046217 seconds
Number of updated asset objects reloaded before import = 0
Number of asset objects unloaded after import = 3
========================================================================
Received Import Request.
  Time since last request: 0.000026 seconds.
  path: Assets/Images/Dash-Line-PNG-Isolated-HD.png
  artifactKey: Guid(a6b8a56e850c4a64e9ddc6d4b2a95ce0) Importer(815301076,1909f56bfc062723c751e8b465ee728b)
Start importing Assets/Images/Dash-Line-PNG-Isolated-HD.png using Guid(a6b8a56e850c4a64e9ddc6d4b2a95ce0) Importer(815301076,1909f56bfc062723c751e8b465ee728b)  -> (artifact id: 'e1277e63f09efa2b4948faccf2d53283') in 0.071779 seconds
Number of updated asset objects reloaded before import = 0
Number of asset objects unloaded after import = 3
========================================================================
Received Import Request.
  Time since last request: 0.000021 seconds.
  path: Assets/Images/Golden.png
  artifactKey: Guid(fefb343c3a0de2049a04f0a13815b62d) Importer(815301076,1909f56bfc062723c751e8b465ee728b)
Start importing Assets/Images/Golden.png using Guid(fefb343c3a0de2049a04f0a13815b62d) Importer(815301076,1909f56bfc062723c751e8b465ee728b)  -> (artifact id: 'eb146e4d2af48b9778572e6917076d07') in 0.054662 seconds
Number of updated asset objects reloaded before import = 0
Number of asset objects unloaded after import = 3
========================================================================
Received Import Request.
  Time since last request: 0.000026 seconds.
  path: Assets/Images/kisspng-computer-keyboard-clip-art-scalable-vector-graphic-keyboard-input-device-peripheral-png-image-picpn-5c053da21388c0.02268132154384733008.jpg
  artifactKey: Guid(4e1920a94210f4a49b07dacf3fafbc65) Importer(815301076,1909f56bfc062723c751e8b465ee728b)
Start importing Assets/Images/kisspng-computer-keyboard-clip-art-scalable-vector-graphic-keyboard-input-device-peripheral-png-image-picpn-5c053da21388c0.02268132154384733008.jpg using Guid(4e1920a94210f4a49b07dacf3fafbc65) Importer(815301076,1909f56bfc062723c751e8b465ee728b)  -> (artifact id: '70b1f4b27c70e361d657e1258ab1773d') in 0.050071 seconds
Number of updated asset objects reloaded before import = 0
Number of asset objects unloaded after import = 3
========================================================================
Received Import Request.
  Time since last request: 0.000030 seconds.
  path: Assets/Images/greenSelected.png
  artifactKey: Guid(9b590c394483f60479b6878ae37edbbb) Importer(815301076,1909f56bfc062723c751e8b465ee728b)
Start importing Assets/Images/greenSelected.png using Guid(9b590c394483f60479b6878ae37edbbb) Importer(815301076,1909f56bfc062723c751e8b465ee728b)  -> (artifact id: '619f42d655a11645f0af3d3f6a926da6') in 0.053448 seconds
Number of updated asset objects reloaded before import = 0
Number of asset objects unloaded after import = 3
========================================================================
Received Import Request.
  Time since last request: 0.000025 seconds.
  path: Assets/Images/selectedSecond.png
  artifactKey: Guid(e3964c94d8891944cb6fc300271d1b88) Importer(815301076,1909f56bfc062723c751e8b465ee728b)
Start importing Assets/Images/selectedSecond.png using Guid(e3964c94d8891944cb6fc300271d1b88) Importer(815301076,1909f56bfc062723c751e8b465ee728b)  -> (artifact id: '705ce44c4c32d6cde7020ef5f5e5f83c') in 0.048758 seconds
Number of updated asset objects reloaded before import = 0
Number of asset objects unloaded after import = 3
========================================================================
Received Import Request.
  Time since last request: 0.000019 seconds.
  path: Assets/Images/Default.png
  artifactKey: Guid(2a1fce0ab50afe34d9b46c7d0f79b78f) Importer(815301076,1909f56bfc062723c751e8b465ee728b)
Start importing Assets/Images/Default.png using Guid(2a1fce0ab50afe34d9b46c7d0f79b78f) Importer(815301076,1909f56bfc062723c751e8b465ee728b)  -> (artifact id: 'dea38b6f173a028683278d277e96aa4d') in 0.048048 seconds
Number of updated asset objects reloaded before import = 0
Number of asset objects unloaded after import = 3
========================================================================
Received Import Request.
  Time since last request: 0.000023 seconds.
  path: Assets/Images/1433244.png
  artifactKey: Guid(e992c99b1732127418d4cf5b6ba0d713) Importer(815301076,1909f56bfc062723c751e8b465ee728b)
Start importing Assets/Images/1433244.png using Guid(e992c99b1732127418d4cf5b6ba0d713) Importer(815301076,1909f56bfc062723c751e8b465ee728b)  -> (artifact id: 'aeec29502fc3052eb5f3f62b8562dfa7') in 0.045982 seconds
Number of updated asset objects reloaded before import = 0
Number of asset objects unloaded after import = 3
========================================================================
Received Import Request.
  Time since last request: 0.000024 seconds.
  path: Assets/Images/easyMode.png
  artifactKey: Guid(97e11c41606c80e49a5f0cd53c83b62a) Importer(815301076,1909f56bfc062723c751e8b465ee728b)
Start importing Assets/Images/easyMode.png using Guid(97e11c41606c80e49a5f0cd53c83b62a) Importer(815301076,1909f56bfc062723c751e8b465ee728b)  -> (artifact id: 'e6a4c407017a12a5dbf4af724181003b') in 0.043630 seconds
Number of updated asset objects reloaded before import = 0
Number of asset objects unloaded after import = 3
========================================================================
Received Import Request.
  Time since last request: 0.000044 seconds.
  path: Assets/Images/first.png
  artifactKey: Guid(fc5cd87dc4352714f9f5459e1581e942) Importer(815301076,1909f56bfc062723c751e8b465ee728b)
Start importing Assets/Images/first.png using Guid(fc5cd87dc4352714f9f5459e1581e942) Importer(815301076,1909f56bfc062723c751e8b465ee728b)  -> (artifact id: '7075dae65bab9ccf64fbf87450427fa5') in 0.047260 seconds
Number of updated asset objects reloaded before import = 0
Number of asset objects unloaded after import = 3
========================================================================
Received Import Request.
  Time since last request: 0.000075 seconds.
  path: Assets/Images/pngtree-neon-square-frame-clipart-png-image_6568438.png
  artifactKey: Guid(2781bf3cb6934ad4db27112e47fe1bdd) Importer(815301076,1909f56bfc062723c751e8b465ee728b)
Start importing Assets/Images/pngtree-neon-square-frame-clipart-png-image_6568438.png using Guid(2781bf3cb6934ad4db27112e47fe1bdd) Importer(815301076,1909f56bfc062723c751e8b465ee728b)  -> (artifact id: '362a94eaf5af32bb73d852308a176e6d') in 0.042877 seconds
Number of updated asset objects reloaded before import = 0
Number of asset objects unloaded after import = 3
========================================================================
Received Import Request.
  Time since last request: 0.000024 seconds.
  path: Assets/Images/black-7252948_960_720.png
  artifactKey: Guid(011dc49a5ad6cbe46a99221eeb3d4009) Importer(815301076,1909f56bfc062723c751e8b465ee728b)
Start importing Assets/Images/black-7252948_960_720.png using Guid(011dc49a5ad6cbe46a99221eeb3d4009) Importer(815301076,1909f56bfc062723c751e8b465ee728b)  -> (artifact id: '03e1a7d70a5661e87e3ed1a1df2bbf9f') in 0.042288 seconds
Number of updated asset objects reloaded before import = 0
Number of asset objects unloaded after import = 3
========================================================================
Received Import Request.
  Time since last request: 0.000026 seconds.
  path: Assets/Images/selectedThird.png
  artifactKey: Guid(cfe2d1dbc13d0074c83cea7c7accb36f) Importer(815301076,1909f56bfc062723c751e8b465ee728b)
Start importing Assets/Images/selectedThird.png using Guid(cfe2d1dbc13d0074c83cea7c7accb36f) Importer(815301076,1909f56bfc062723c751e8b465ee728b)  -> (artifact id: '606cfbc04bbc696fe3bff101c263dfff') in 0.040786 seconds
Number of updated asset objects reloaded before import = 0
Number of asset objects unloaded after import = 3
========================================================================
Received Import Request.
  Time since last request: 0.000059 seconds.
  path: Assets/Images/OceanSelected.png
  artifactKey: Guid(a3c48461e5d369d47aa7cd2031479815) Importer(815301076,1909f56bfc062723c751e8b465ee728b)
Start importing Assets/Images/OceanSelected.png using Guid(a3c48461e5d369d47aa7cd2031479815) Importer(815301076,1909f56bfc062723c751e8b465ee728b)  -> (artifact id: '8f776c340070c13e7cb70c0088b06289') in 0.044857 seconds
Number of updated asset objects reloaded before import = 0
Number of asset objects unloaded after import = 3
========================================================================
Received Import Request.
  Time since last request: 0.000028 seconds.
  path: Assets/Images/white-arrow-transparent-png-10.png
  artifactKey: Guid(eaa34b3058f4cc74c8397532d6cd82ab) Importer(815301076,1909f56bfc062723c751e8b465ee728b)
Start importing Assets/Images/white-arrow-transparent-png-10.png using Guid(eaa34b3058f4cc74c8397532d6cd82ab) Importer(815301076,1909f56bfc062723c751e8b465ee728b)  -> (artifact id: 'b65b04a08aa64a2d8eb49ce62c2de605') in 0.052525 seconds
Number of updated asset objects reloaded before import = 0
Number of asset objects unloaded after import = 3
========================================================================
Received Import Request.
  Time since last request: 0.000025 seconds.
  path: Assets/Images/Winter.png
  artifactKey: Guid(450d3a2f1239d88469c2696d0d301421) Importer(815301076,1909f56bfc062723c751e8b465ee728b)
Start importing Assets/Images/Winter.png using Guid(450d3a2f1239d88469c2696d0d301421) Importer(815301076,1909f56bfc062723c751e8b465ee728b)  -> (artifact id: '32d72049b169301fbbf8bfdc3168a00b') in 0.039874 seconds
Number of updated asset objects reloaded before import = 0
Number of asset objects unloaded after import = 3
========================================================================
Received Import Request.
  Time since last request: 216.777673 seconds.
  path: Assets/Images/Backgrounds/R_v1.png
  artifactKey: Guid(699d33ff8bcd3be4e987ba10643605e9) Importer(815301076,1909f56bfc062723c751e8b465ee728b)
Start importing Assets/Images/Backgrounds/R_v1.png using Guid(699d33ff8bcd3be4e987ba10643605e9) Importer(815301076,1909f56bfc062723c751e8b465ee728b)  -> (artifact id: 'b640e5426b342ce8a2f51322c1006afc') in 0.036260 seconds
Number of updated asset objects reloaded before import = 0
Number of asset objects unloaded after import = 2
========================================================================
Received Import Request.
  Time since last request: 22.238525 seconds.
  path: Assets/StoreAssets/AkshayDhotre/GraphicSettingsFree/Art/UI/GraphicMenu_Option_NoColor.png
  artifactKey: Guid(bc9984d2741f8434aa595f589f111868) Importer(815301076,1909f56bfc062723c751e8b465ee728b)
Start importing Assets/StoreAssets/AkshayDhotre/GraphicSettingsFree/Art/UI/GraphicMenu_Option_NoColor.png using Guid(bc9984d2741f8434aa595f589f111868) Importer(815301076,1909f56bfc062723c751e8b465ee728b)  -> (artifact id: '64592cf7b991d4ffaabbcc75d05742f8') in 0.046796 seconds
Number of updated asset objects reloaded before import = 0
Number of asset objects unloaded after import = 3
========================================================================
Received Import Request.
  Time since last request: 0.002930 seconds.
  path: Assets/StoreAssets/AkshayDhotre/GraphicSettingsFree/Art/UI/GraphicMenu_Button_NoColor.png
  artifactKey: Guid(6ad02141862196547a9b3e28e53075c8) Importer(815301076,1909f56bfc062723c751e8b465ee728b)
Start importing Assets/StoreAssets/AkshayDhotre/GraphicSettingsFree/Art/UI/GraphicMenu_Button_NoColor.png using Guid(6ad02141862196547a9b3e28e53075c8) Importer(815301076,1909f56bfc062723c751e8b465ee728b)  -> (artifact id: 'de5d46ae1ca736225d865c6ff242b0d3') in 0.120259 seconds
Number of updated asset objects reloaded before import = 0
Number of asset objects unloaded after import = 3
========================================================================
Received Import Request.
  Time since last request: 0.000025 seconds.
  path: Assets/StoreAssets/AkshayDhotre/GraphicSettingsFree/Art/UI/GraphicMenu_Background.png
  artifactKey: Guid(2ad3c97c164130f49a5b2252db534e1a) Importer(815301076,1909f56bfc062723c751e8b465ee728b)
Start importing Assets/StoreAssets/AkshayDhotre/GraphicSettingsFree/Art/UI/GraphicMenu_Background.png using Guid(2ad3c97c164130f49a5b2252db534e1a) Importer(815301076,1909f56bfc062723c751e8b465ee728b)  -> (artifact id: 'a81a7b77f867c4c352c7de8afe2c6fa2') in 0.041381 seconds
Number of updated asset objects reloaded before import = 0
Number of asset objects unloaded after import = 3
========================================================================
Received Prepare
Begin MonoManager ReloadAssembly
Symbol file LoadedFromMemory doesn't match image C:\Users\claud\Unity\TypeTypeRevolution\Typedance\Library\PackageCache\com.unity.visualscripting@1.8.0\Editor\VisualScripting.Core\Dependencies\YamlDotNet\Unity.VisualScripting.YamlDotNet.dll
Symbol file LoadedFromMemory doesn't match image C:\Users\claud\Unity\TypeTypeRevolution\Typedance\Library\PackageCache\com.unity.visualscripting@1.8.0\Editor\VisualScripting.Core\Dependencies\DotNetZip\Unity.VisualScripting.IonicZip.dll
- Loaded All Assemblies, in  0.554 seconds
Refreshing native plugins compatible for Editor in 5.28 ms, found 3 plugins.
Native extension for WindowsStandalone target not found
Mono: successfully reloaded assembly
- Finished resetting the current domain, in  1.221 seconds
Domain Reload Profiling: 1771ms
	BeginReloadAssembly (184ms)
		ExecutionOrderSort (0ms)
		DisableScriptedObjects (6ms)
		BackupInstance (0ms)
		ReleaseScriptingObjects (0ms)
		CreateAndSetChildDomain (40ms)
	RebuildCommonClasses (58ms)
	RebuildNativeTypeToScriptingClass (13ms)
	initialDomainReloadingComplete (35ms)
	LoadAllAssembliesAndSetupDomain (260ms)
		LoadAssemblies (346ms)
		RebuildTransferFunctionScriptingTraits (0ms)
		AnalyzeDomain (16ms)
			TypeCache.Refresh (6ms)
				TypeCache.ScanAssembly (0ms)
			ScanForSourceGeneratedMonoScriptInfo (0ms)
			ResolveRequiredComponents (7ms)
	FinalizeReload (1221ms)
		ReleaseScriptCaches (0ms)
		RebuildScriptCaches (0ms)
		SetupLoadedEditorAssemblies (689ms)
			LogAssemblyErrors (0ms)
			InitializePlatformSupportModulesInManaged (9ms)
			SetLoadedEditorAssemblies (6ms)
			RefreshPlugins (0ms)
			BeforeProcessingInitializeOnLoad (78ms)
			ProcessInitializeOnLoadAttributes (556ms)
			ProcessInitializeOnLoadMethodAttributes (29ms)
			AfterProcessingInitializeOnLoad (12ms)
			EditorAssembliesLoaded (0ms)
		ExecutionOrderSort2 (0ms)
		AwakeInstancesAfterBackupRestoration (11ms)
Refreshing native plugins compatible for Editor in 9.29 ms, found 3 plugins.
Preloading 0 native plugins for Editor in 0.00 ms.
Unloading 3126 Unused Serialized files (Serialized files now loaded: 0)
Unloading 22 unused Assets / (30.6 KB). Loaded Objects now: 3650.
Memory consumption went from 124.6 MB to 124.6 MB.
Total: 3.921200 ms (FindLiveObjects: 0.258200 ms CreateObjectMapping: 0.227300 ms MarkObjects: 3.388600 ms  DeleteObjects: 0.045600 ms)

Prepare: number of updated asset objects reloaded= 0
AssetImportParameters requested are different than current active one (requested -> active):
  custom:container-demuxer-ogg: 62fdf1f143b41e24485cea50d1cbac27 -> 
  custom:video-codec-MediaFoundation-h265: 746d11721c4dcdbdad8f713fa42b33f4 -> 
  custom:video-decoder-ogg-theora: a1e56fd34408186e4bbccfd4996cb3dc -> 
  custom:framework-win-MediaFoundation: 216162199b28c13a410421893ffa2e32 -> 
  custom:CustomObjectIndexerAttribute: 756ad292c208cfabdd7b50bc23989ffe -> 
  custom:container-demuxer-webm: 4f35f7cbe854078d1ac9338744f61a02 -> 
  custom:container-muxer-webm: aa71ff27fc2769a1b78a27578f13a17b -> 
  custom:video-decoder-webm-vp8: 9c59270c3fd7afecdb556c50c9e8de78 -> 
  custom:SearchIndexIgnoredProperties: e643bd26f0fe6173181afceb89e7c659 -> 
  custom:AudioImporter_EditorPlatform: d09bf68614088b80899f8185d706f6e7 -> 
  custom:video-encoder-webm-vp8: eb34c28f22e8b96e1ab97ce403110664 -> 
  custom:audio-decoder-ogg-vorbis: bf7c407c2cedff20999df2af8eb42d56 -> 
  custom:audio-encoder-webm-vorbis: bf7c407c2cedff20999df2af8eb42d56 -> 
Editor requested this worker to shutdown with reason: Scaling down because of idle timeout
TcpMessagingSession - receive error: operation aborted. errorcode: 995, details: The I/O operation has been aborted because of either a thread exit or an application request.
AssetImportWorker is now disconnected from the server
Process exiting
Exiting without the bug reporter. Application will terminate with return code 0